<?xml version="1.0" encoding="UTF-8"?>
<testsuite name="runner.ApiSmokeRunner" time="0.016" tests="1" errors="1" skipped="0" failures="0">
  <properties>
    <property name="idea.version" value="2022.2.5"/>
    <property name="java.runtime.name" value="OpenJDK Runtime Environment"/>
    <property name="java.vm.version" value="17.0.15+6"/>
    <property name="sun.boot.library.path" value="C:\Program Files\Eclipse Adoptium\jdk-17.0.15.6-hotspot\bin"/>
    <property name="maven.multiModuleProjectDirectory" value="C:\Projects\Book\BookStore"/>
    <property name="java.vm.vendor" value="Eclipse Adoptium"/>
    <property name="java.vendor.url" value="https://adoptium.net/"/>
    <property name="guice.disable.misplaced.annotation.check" value="true"/>
    <property name="path.separator" value=";"/>
    <property name="java.vm.name" value="OpenJDK 64-Bit Server VM"/>
    <property name="sun.os.patch.level" value=""/>
    <property name="user.script" value=""/>
    <property name="user.country" value="US"/>
    <property name="sun.java.launcher" value="SUN_STANDARD"/>
    <property name="java.vm.specification.name" value="Java Virtual Machine Specification"/>
    <property name="user.dir" value="C:\Projects\Book\BookStore"/>
    <property name="java.vm.compressedOopsMode" value="Zero based"/>
    <property name="java.runtime.version" value="17.0.15+6"/>
    <property name="os.arch" value="amd64"/>
    <property name="java.io.tmpdir" value="C:\Users\NPOUNR~1\AppData\Local\Temp\"/>
    <property name="line.separator" value="&#10;"/>
    <property name="java.vm.specification.vendor" value="Oracle Corporation"/>
    <property name="user.variant" value=""/>
    <property name="os.name" value="Windows 10"/>
    <property name="maven.ext.class.path" value="C:\Program Files\JetBrains\IntelliJ IDEA Community Edition 2020.2.3\plugins\maven\lib\maven-event-listener.jar"/>
    <property name="classworlds.conf" value="C:\Users\npounrajan\.m2\wrapper\dists\apache-maven-3.9.10-bin\53h08a94dg6djh6umvruv7q564\apache-maven-3.9.10\bin\m2.conf"/>
    <property name="sun.jnu.encoding" value="Cp1252"/>
    <property name="java.library.path" value="C:\Program Files\Eclipse Adoptium\jdk-17.0.15.6-hotspot\bin;C:\WINDOWS\Sun\Java\bin;C:\WINDOWS\system32;C:\WINDOWS;C:\Program Files\Eclipse Adoptium\jdk-17.0.15.6-hotspot\bin;C:\Program Files (x86)\Common Files\Oracle\Java\javapath;C:\WINDOWS\system32;C:\WINDOWS;C:\WINDOWS\System32\Wbem;C:\WINDOWS\System32\WindowsPowerShell\v1.0\;C:\WINDOWS\System32\OpenSSH\;C:\Program Files\Git\cmd;C:\Program Files (x86)\Microsoft SQL Server\150\DTS\Binn\;C:\Program Files\Azure Data Studio\bin;C:\Program Files\dotnet\;C:\Program Files\Microsoft SQL Server\130\Tools\Binn\;C:\Program Files\Microsoft SQL Server\Client SDK\ODBC\170\Tools\Binn\;C:\Users\npounrajan\AppData\Roaming\Microsoft\Windows\Start Menu\Programs\Python 3.11;C:\Program Files\nodejs\;C:\Users\npounrajan\AppData\Roaming\npm;C:\Program Files\PowerShell\7\;C:\Users\npounrajan\Downloads\maven-mvnd-1.0.2-windows-amd64\maven-mvnd-1.0.2-windows-amd64\mvn\bin;C:\Users\npounrajan\AppData\Local\Programs\Python\Python311\Scripts\;C:\Users\npounrajan\AppData\Local\Programs\Python\Python311\;C:\Users\npounrajan\AppData\Local\Microsoft\WindowsApps;C:\Program Files\Azure Data Studio\bin;C:\Users\npounrajan\AppData\Local\Programs\Microsoft VS Code\bin;C:\Mobile\flutter\bin;C:\Program Files\gradle-8.8\bin;C:\Users\npounrajan\.dotnet\tools;C:\Users\npounrajan\AppData\Roaming\npm;C:\Program Files\nodejs;C:\Users\npounrajan\AppData\Local\Android\Sdk\platform-tools;C:\Users\npounrajan\AppData\Local\Android\Sdk\tools;C:\Users\npounrajan\AppData\Roaming\npm;C:\Users\npounrajan\Downloads\maven-mvnd-1.0.2-windows-amd64\maven-mvnd-1.0.2-windows-amd64\mvn\bin;C:\Program Files\Eclipse Adoptium\jdk-17.0.15.6-hotspot\bin;;."/>
    <property name="maven.conf" value="C:\Users\npounrajan\.m2\wrapper\dists\apache-maven-3.9.10-bin\53h08a94dg6djh6umvruv7q564\apache-maven-3.9.10/conf"/>
    <property name="jdk.debug" value="release"/>
    <property name="java.class.version" value="61.0"/>
    <property name="java.specification.name" value="Java Platform API Specification"/>
    <property name="sun.management.compiler" value="HotSpot 64-Bit Tiered Compilers"/>
    <property name="os.version" value="10.0"/>
    <property name="user.home" value="C:\Users\npounrajan"/>
    <property name="user.timezone" value="Asia/Calcutta"/>
    <property name="file.encoding" value="UTF-8"/>
    <property name="java.specification.version" value="17"/>
    <property name="user.name" value="npounrajan"/>
    <property name="java.class.path" value="C:\Users\npounrajan\.m2\wrapper\dists\apache-maven-3.9.10-bin\53h08a94dg6djh6umvruv7q564\apache-maven-3.9.10\boot\plexus-classworlds-2.9.0.jar;C:\Users\npounrajan\.m2\wrapper\dists\apache-maven-3.9.10-bin\53h08a94dg6djh6umvruv7q564\apache-maven-3.9.10\boot\plexus-classworlds.license"/>
    <property name="java.vm.specification.version" value="17"/>
    <property name="sun.arch.data.model" value="64"/>
    <property name="sun.java.command" value="org.codehaus.classworlds.Launcher -Didea.version=2022.2.5 clean test -PSmoke"/>
    <property name="java.home" value="C:\Program Files\Eclipse Adoptium\jdk-17.0.15.6-hotspot"/>
    <property name="user.language" value="en"/>
    <property name="java.specification.vendor" value="Oracle Corporation"/>
    <property name="java.vm.info" value="mixed mode, sharing"/>
    <property name="java.version" value="17.0.15"/>
    <property name="native.encoding" value="Cp1252"/>
    <property name="java.vendor" value="Eclipse Adoptium"/>
    <property name="java.specification.maintenance.version" value="1"/>
    <property name="maven.home" value="C:\Users\npounrajan\.m2\wrapper\dists\apache-maven-3.9.10-bin\53h08a94dg6djh6umvruv7q564\apache-maven-3.9.10"/>
    <property name="file.separator" value="\"/>
    <property name="java.version.date" value="2025-04-15"/>
    <property name="java.vendor.url.bug" value="https://github.com/adoptium/adoptium-support/issues"/>
    <property name="sun.io.unicode.encoding" value="UnicodeLittle"/>
    <property name="sun.cpu.endian" value="little"/>
    <property name="java.vendor.version" value="Temurin-17.0.15+6"/>
    <property name="sun.cpu.isalist" value="amd64"/>
  </properties>
  <testcase name="runner.ApiSmokeRunner" classname="runner.ApiSmokeRunner" time="0.016">
    <error message="Receiver class io.qameta.allure.cucumber7jvm.AllureCucumber7Jvm$$Lambda$124/0x00000235ea100c70 does not define or inherit an implementation of the resolved method &apos;abstract void receive(io.cucumber.plugin.event.Event)&apos; of interface io.cucumber.plugin.event.EventHandler." type="java.lang.AbstractMethodError">java.lang.AbstractMethodError: Receiver class io.qameta.allure.cucumber7jvm.AllureCucumber7Jvm$$Lambda$124/0x00000235ea100c70 does not define or inherit an implementation of the resolved method 'abstract void receive(io.cucumber.plugin.event.Event)' of interface io.cucumber.plugin.event.EventHandler.
	at io.cucumber.core.eventbus.AbstractEventPublisher.send(AbstractEventPublisher.java:45)
	at io.cucumber.core.eventbus.AbstractEventBus.send(AbstractEventBus.java:9)
	at io.cucumber.junit.Cucumber$RunCucumber.evaluate(Cucumber.java:217)
	at org.junit.runners.ParentRunner$3.evaluate(ParentRunner.java:306)
	at org.junit.runners.ParentRunner.run(ParentRunner.java:413)
	at org.apache.maven.surefire.junit4.JUnit4Provider.execute(JUnit4Provider.java:283)
	at org.apache.maven.surefire.junit4.JUnit4Provider.executeWithRerun(JUnit4Provider.java:173)
	at org.apache.maven.surefire.junit4.JUnit4Provider.executeTestSet(JUnit4Provider.java:153)
	at org.apache.maven.surefire.junit4.JUnit4Provider.invoke(JUnit4Provider.java:128)
	at org.apache.maven.surefire.booter.ForkedBooter.invokeProviderInSameClassLoader(ForkedBooter.java:203)
	at org.apache.maven.surefire.booter.ForkedBooter.runSuitesInProcess(ForkedBooter.java:155)
	at org.apache.maven.surefire.booter.ForkedBooter.main(ForkedBooter.java:103)
</error>
  </testcase>
</testsuite>